<?xml version="1.0" encoding="UTF-8"?>
<testng-results ignored="0" total="1" passed="1" failed="0" skipped="0">
  <reporter-output>
  </reporter-output>
  <suite started-at="2023-01-26T18:38:32 IST" name="Data Driver Testing" finished-at="2023-01-26T18:38:35 IST" duration-ms="3413">
    <groups>
    </groups>
    <test started-at="2023-01-26T18:38:32 IST" name="Login Test" finished-at="2023-01-26T18:38:35 IST" duration-ms="3413">
      <class name="com.w2a.testcases.LoginTest">
        <test-method is-config="true" signature="setUp()[pri:0, instance:com.w2a.testcases.LoginTest@6f15d60e]" started-at="2023-01-26T18:38:27 IST" name="setUp" finished-at="2023-01-26T18:38:32 IST" duration-ms="4876" status="PASS">
          <reporter-output>
          </reporter-output>
        </test-method> <!-- setUp -->
        <test-method signature="loginAsManagerTest()[pri:0, instance:com.w2a.testcases.LoginTest@6f15d60e]" started-at="2023-01-26T18:38:32 IST" name="loginAsManagerTest" finished-at="2023-01-26T18:38:35 IST" duration-ms="3355" status="PASS">
          <reporter-output>
          </reporter-output>
        </test-method> <!-- loginAsManagerTest -->
        <test-method is-config="true" signature="tearDown()[pri:0, instance:com.w2a.testcases.LoginTest@6f15d60e]" started-at="2023-01-26T18:38:35 IST" name="tearDown" finished-at="2023-01-26T18:38:36 IST" duration-ms="696" status="PASS">
          <reporter-output>
          </reporter-output>
        </test-method> <!-- tearDown -->
      </class> <!-- com.w2a.testcases.LoginTest -->
    </test> <!-- Login Test -->
  </suite> <!-- Data Driver Testing -->
</testng-results>
